# JRE version: OpenJDK Runtime Environment (8.0_152-b01) (build 1.8.0_152-release-915-b01)
# Java VM: OpenJDK 64-Bit Server VM (25.152-b01 mixed mode windows-amd64 compressed oops)
Heap:
 PSYoungGen      total 68608K, used 53027K [0x00000000e0000000, 0x00000000e4c80000, 0x0000000100000000)
  eden space 60928K, 75% used [0x00000000e0000000,0x00000000e2cf0650,0x00000000e3b80000)
  from space 7680K, 91% used [0x00000000e3b80000,0x00000000e4258688,0x00000000e4300000)
  to   space 8192K, 0% used [0x00000000e4480000,0x00000000e4480000,0x00000000e4c80000)
 ParOldGen       total 35840K, used 8575K [0x00000000a0000000, 0x00000000a2300000, 0x00000000e0000000)
  object space 35840K, 23% used [0x00000000a0000000,0x00000000a085ff78,0x00000000a2300000)
 Metaspace       used 30242K, capacity 30840K, committed 30976K, reserved 1075200K
  class space    used 4127K, capacity 4323K, committed 4352K, reserved 1048576K
GC Heap History (10 events):
Event: 4.654 GC heap before
{Heap before GC invocations=6 (full 0):
 PSYoungGen      total 18944K, used 18925K [0x00000000e0000000, 0x00000000e2b00000, 0x0000000100000000)
  eden space 16384K, 99% used [0x00000000e0000000,0x00000000e0fff480,0x00000000e1000000)
  from space 2560K, 99% used [0x00000000e1000000,0x00000000e127c030,0x00000000e1280000)
  to   space 5632K, 0% used [0x00000000e2580000,0x00000000e2580000,0x00000000e2b00000)
 ParOldGen       total 44032K, used 6043K [0x00000000a0000000, 0x00000000a2b00000, 0x00000000e0000000)
  object space 44032K, 13% used [0x00000000a0000000,0x00000000a05e6d68,0x00000000a2b00000)
 Metaspace       used 15795K, capacity 16156K, committed 16256K, reserved 1062912K
  class space    used 2227K, capacity 2350K, committed 2432K, reserved 1048576K
Event: 4.679 GC heap after
Heap after GC invocations=6 (full 0):
 PSYoungGen      total 37888K, used 5127K [0x00000000e0000000, 0x00000000e2c00000, 0x0000000100000000)
  eden space 32256K, 0% used [0x00000000e0000000,0x00000000e0000000,0x00000000e1f80000)
  from space 5632K, 91% used [0x00000000e2580000,0x00000000e2a81fd8,0x00000000e2b00000)
  to   space 6144K, 0% used [0x00000000e1f80000,0x00000000e1f80000,0x00000000e2580000)
 ParOldGen       total 44032K, used 6051K [0x00000000a0000000, 0x00000000a2b00000, 0x00000000e0000000)
  object space 44032K, 13% used [0x00000000a0000000,0x00000000a05e8d68,0x00000000a2b00000)
 Metaspace       used 15795K, capacity 16156K, committed 16256K, reserved 1062912K
  class space    used 2227K, capacity 2350K, committed 2432K, reserved 1048576K
}
Event: 6.535 GC heap before
{Heap before GC invocations=7 (full 0):
 PSYoungGen      total 37888K, used 32005K [0x00000000e0000000, 0x00000000e2c00000, 0x0000000100000000)
  eden space 32256K, 83% used [0x00000000e0000000,0x00000000e1a3f608,0x00000000e1f80000)
  from space 5632K, 91% used [0x00000000e2580000,0x00000000e2a81fd8,0x00000000e2b00000)
  to   space 6144K, 0% used [0x00000000e1f80000,0x00000000e1f80000,0x00000000e2580000)
 ParOldGen       total 44032K, used 6051K [0x00000000a0000000, 0x00000000a2b00000, 0x00000000e0000000)
  object space 44032K, 13% used [0x00000000a0000000,0x00000000a05e8d68,0x00000000a2b00000)
 Metaspace       used 20650K, capacity 21142K, committed 21248K, reserved 1067008K
  class space    used 2858K, capacity 3042K, committed 3072K, reserved 1048576K
Event: 6.555 GC heap after
Heap after GC invocations=7 (full 0):
 PSYoungGen      total 38400K, used 6138K [0x00000000e0000000, 0x00000000e4e00000, 0x0000000100000000)
  eden space 32256K, 0% used [0x00000000e0000000,0x00000000e0000000,0x00000000e1f80000)
  from space 6144K, 99% used [0x00000000e1f80000,0x00000000e257eb58,0x00000000e2580000)
  to   space 7680K, 0% used [0x00000000e4680000,0x00000000e4680000,0x00000000e4e00000)
 ParOldGen       total 44032K, used 7535K [0x00000000a0000000, 0x00000000a2b00000, 0x00000000e0000000)
  object space 44032K, 17% used [0x00000000a0000000,0x00000000a075bdc8,0x00000000a2b00000)
 Metaspace       used 20650K, capacity 21142K, committed 21248K, reserved 1067008K
  class space    used 2858K, capacity 3042K, committed 3072K, reserved 1048576K
}
Event: 6.555 GC heap before
{Heap before GC invocations=8 (full 1):
 PSYoungGen      total 38400K, used 6138K [0x00000000e0000000, 0x00000000e4e00000, 0x0000000100000000)
  eden space 32256K, 0% used [0x00000000e0000000,0x00000000e0000000,0x00000000e1f80000)
  from space 6144K, 99% used [0x00000000e1f80000,0x00000000e257eb58,0x00000000e2580000)
  to   space 7680K, 0% used [0x00000000e4680000,0x00000000e4680000,0x00000000e4e00000)
 ParOldGen       total 44032K, used 7535K [0x00000000a0000000, 0x00000000a2b00000, 0x00000000e0000000)
  object space 44032K, 17% used [0x00000000a0000000,0x00000000a075bdc8,0x00000000a2b00000)
 Metaspace       used 20650K, capacity 21142K, committed 21248K, reserved 1067008K
  class space    used 2858K, capacity 3042K, committed 3072K, reserved 1048576K
Event: 6.646 GC heap after
Heap after GC invocations=8 (full 1):
 PSYoungGen      total 38400K, used 0K [0x00000000e0000000, 0x00000000e4e00000, 0x0000000100000000)
  eden space 32256K, 0% used [0x00000000e0000000,0x00000000e0000000,0x00000000e1f80000)
  from space 6144K, 0% used [0x00000000e1f80000,0x00000000e1f80000,0x00000000e2580000)
  to   space 7680K, 0% used [0x00000000e4680000,0x00000000e4680000,0x00000000e4e00000)
 ParOldGen       total 35840K, used 8559K [0x00000000a0000000, 0x00000000a2300000, 0x00000000e0000000)
  object space 35840K, 23% used [0x00000000a0000000,0x00000000a085bf78,0x00000000a2300000)
 Metaspace       used 20650K, capacity 21142K, committed 21248K, reserved 1067008K
  class space    used 2858K, capacity 3042K, committed 3072K, reserved 1048576K
}
Event: 8.097 GC heap before
{Heap before GC invocations=9 (full 1):
 PSYoungGen      total 38400K, used 32256K [0x00000000e0000000, 0x00000000e4e00000, 0x0000000100000000)
  eden space 32256K, 100% used [0x00000000e0000000,0x00000000e1f80000,0x00000000e1f80000)
  from space 6144K, 0% used [0x00000000e1f80000,0x00000000e1f80000,0x00000000e2580000)
  to   space 7680K, 0% used [0x00000000e4680000,0x00000000e4680000,0x00000000e4e00000)
 ParOldGen       total 35840K, used 8559K [0x00000000a0000000, 0x00000000a2300000, 0x00000000e0000000)
  object space 35840K, 23% used [0x00000000a0000000,0x00000000a085bf78,0x00000000a2300000)
 Metaspace       used 23515K, capacity 24038K, committed 24448K, reserved 1071104K
  class space    used 3195K, capacity 3340K, committed 3456K, reserved 1048576K
Event: 8.106 GC heap after
Heap after GC invocations=9 (full 1):
 PSYoungGen      total 52224K, used 3967K [0x00000000e0000000, 0x00000000e4a80000, 0x0000000100000000)
  eden space 48128K, 0% used [0x00000000e0000000,0x00000000e0000000,0x00000000e2f00000)
  from space 4096K, 96% used [0x00000000e4680000,0x00000000e4a5ffe8,0x00000000e4a80000)
  to   space 7680K, 0% used [0x00000000e3b80000,0x00000000e3b80000,0x00000000e4300000)
 ParOldGen       total 35840K, used 8567K [0x00000000a0000000, 0x00000000a2300000, 0x00000000e0000000)
  object space 35840K, 23% used [0x00000000a0000000,0x00000000a085df78,0x00000000a2300000)
 Metaspace       used 23515K, capacity 24038K, committed 24448K, reserved 1071104K
  class space    used 3195K, capacity 3340K, committed 3456K, reserved 1048576K
}
Event: 10.882 GC heap before
{Heap before GC invocations=10 (full 1):
 PSYoungGen      total 52224K, used 52095K [0x00000000e0000000, 0x00000000e4a80000, 0x0000000100000000)
  eden space 48128K, 100% used [0x00000000e0000000,0x00000000e2f00000,0x00000000e2f00000)
  from space 4096K, 96% used [0x00000000e4680000,0x00000000e4a5ffe8,0x00000000e4a80000)
  to   space 7680K, 0% used [0x00000000e3b80000,0x00000000e3b80000,0x00000000e4300000)
 ParOldGen       total 35840K, used 8567K [0x00000000a0000000, 0x00000000a2300000, 0x00000000e0000000)
  object space 35840K, 23% used [0x00000000a0000000,0x00000000a085df78,0x00000000a2300000)
 Metaspace       used 27013K, capacity 27634K, committed 27776K, reserved 1073152K
  class space    used 3739K, capacity 3938K, committed 3968K, reserved 1048576K
Event: 10.908 GC heap after
Heap after GC invocations=10 (full 1):
 PSYoungGen      total 68608K, used 7009K [0x00000000e0000000, 0x00000000e4c80000, 0x0000000100000000)
  eden space 60928K, 0% used [0x00000000e0000000,0x00000000e0000000,0x00000000e3b80000)
  from space 7680K, 91% used [0x00000000e3b80000,0x00000000e4258688,0x00000000e4300000)
  to   space 8192K, 0% used [0x00000000e4480000,0x00000000e4480000,0x00000000e4c80000)
 ParOldGen       total 35840K, used 8575K [0x00000000a0000000, 0x00000000a2300000, 0x00000000e0000000)
  object space 35840K, 23% used [0x00000000a0000000,0x00000000a085ff78,0x00000000a2300000)
 Metaspace       used 27013K, capacity 27634K, committed 27776K, reserved 1073152K
  class space    used 3739K, capacity 3938K, committed 3968K, reserved 1048576K
}

