# JRE version: OpenJDK Runtime Environment (8.0_152-b01) (build 1.8.0_152-release-915-b01)
# Java VM: OpenJDK 64-Bit Server VM (25.152-b01 mixed mode windows-amd64 compressed oops)
Heap:
 PSYoungGen      total 60416K, used 16624K [0x00000000e0000000, 0x00000000e4280000, 0x0000000100000000)
  eden space 54784K, 28% used [0x00000000e0000000,0x00000000e0f1c0b0,0x00000000e3580000)
  from space 5632K, 20% used [0x00000000e3d00000,0x00000000e3e20000,0x00000000e4280000)
  to   space 6656K, 0% used [0x00000000e3580000,0x00000000e3580000,0x00000000e3c00000)
 ParOldGen       total 33792K, used 11908K [0x00000000a0000000, 0x00000000a2100000, 0x00000000e0000000)
  object space 33792K, 35% used [0x00000000a0000000,0x00000000a0ba12b8,0x00000000a2100000)
 Metaspace       used 30969K, capacity 31594K, committed 31872K, reserved 1077248K
  class space    used 4215K, capacity 4425K, committed 4480K, reserved 1048576K
GC Heap History (10 events):
Event: 8.292 GC heap before
{Heap before GC invocations=9 (full 1):
 PSYoungGen      total 37888K, used 3791K [0x00000000e0000000, 0x00000000e2b00000, 0x0000000100000000)
  eden space 31744K, 0% used [0x00000000e0000000,0x00000000e0000000,0x00000000e1f00000)
  from space 6144K, 61% used [0x00000000e2500000,0x00000000e28b3e38,0x00000000e2b00000)
  to   space 6144K, 0% used [0x00000000e1f00000,0x00000000e1f00000,0x00000000e2500000)
 ParOldGen       total 44032K, used 8222K [0x00000000a0000000, 0x00000000a2b00000, 0x00000000e0000000)
  object space 44032K, 18% used [0x00000000a0000000,0x00000000a08079f8,0x00000000a2b00000)
 Metaspace       used 20664K, capacity 21142K, committed 21248K, reserved 1067008K
  class space    used 2862K, capacity 3042K, committed 3072K, reserved 1048576K
Event: 8.392 GC heap after
Heap after GC invocations=9 (full 1):
 PSYoungGen      total 37888K, used 0K [0x00000000e0000000, 0x00000000e2b00000, 0x0000000100000000)
  eden space 31744K, 0% used [0x00000000e0000000,0x00000000e0000000,0x00000000e1f00000)
  from space 6144K, 0% used [0x00000000e2500000,0x00000000e2500000,0x00000000e2b00000)
  to   space 6144K, 0% used [0x00000000e1f00000,0x00000000e1f00000,0x00000000e2500000)
 ParOldGen       total 33792K, used 7024K [0x00000000a0000000, 0x00000000a2100000, 0x00000000e0000000)
  object space 33792K, 20% used [0x00000000a0000000,0x00000000a06dc088,0x00000000a2100000)
 Metaspace       used 20664K, capacity 21142K, committed 21248K, reserved 1067008K
  class space    used 2862K, capacity 3042K, committed 3072K, reserved 1048576K
}
Event: 10.169 GC heap before
{Heap before GC invocations=10 (full 1):
 PSYoungGen      total 37888K, used 31744K [0x00000000e0000000, 0x00000000e2b00000, 0x0000000100000000)
  eden space 31744K, 100% used [0x00000000e0000000,0x00000000e1f00000,0x00000000e1f00000)
  from space 6144K, 0% used [0x00000000e2500000,0x00000000e2500000,0x00000000e2b00000)
  to   space 6144K, 0% used [0x00000000e1f00000,0x00000000e1f00000,0x00000000e2500000)
 ParOldGen       total 33792K, used 7024K [0x00000000a0000000, 0x00000000a2100000, 0x00000000e0000000)
  object space 33792K, 20% used [0x00000000a0000000,0x00000000a06dc088,0x00000000a2100000)
 Metaspace       used 23438K, capacity 23910K, committed 24192K, reserved 1071104K
  class space    used 3179K, capacity 3340K, committed 3456K, reserved 1048576K
Event: 10.186 GC heap after
Heap after GC invocations=10 (full 1):
 PSYoungGen      total 37888K, used 3809K [0x00000000e0000000, 0x00000000e3580000, 0x0000000100000000)
  eden space 31744K, 0% used [0x00000000e0000000,0x00000000e0000000,0x00000000e1f00000)
  from space 6144K, 62% used [0x00000000e1f00000,0x00000000e22b8610,0x00000000e2500000)
  to   space 6144K, 0% used [0x00000000e2f80000,0x00000000e2f80000,0x00000000e3580000)
 ParOldGen       total 33792K, used 7032K [0x00000000a0000000, 0x00000000a2100000, 0x00000000e0000000)
  object space 33792K, 20% used [0x00000000a0000000,0x00000000a06de088,0x00000000a2100000)
 Metaspace       used 23438K, capacity 23910K, committed 24192K, reserved 1071104K
  class space    used 3179K, capacity 3340K, committed 3456K, reserved 1048576K
}
Event: 12.225 GC heap before
{Heap before GC invocations=11 (full 1):
 PSYoungGen      total 37888K, used 35553K [0x00000000e0000000, 0x00000000e3580000, 0x0000000100000000)
  eden space 31744K, 100% used [0x00000000e0000000,0x00000000e1f00000,0x00000000e1f00000)
  from space 6144K, 62% used [0x00000000e1f00000,0x00000000e22b8610,0x00000000e2500000)
  to   space 6144K, 0% used [0x00000000e2f80000,0x00000000e2f80000,0x00000000e3580000)
 ParOldGen       total 33792K, used 7032K [0x00000000a0000000, 0x00000000a2100000, 0x00000000e0000000)
  object space 33792K, 20% used [0x00000000a0000000,0x00000000a06de088,0x00000000a2100000)
 Metaspace       used 25732K, capacity 26286K, committed 26496K, reserved 1073152K
  class space    used 3504K, capacity 3702K, committed 3712K, reserved 1048576K
Event: 12.251 GC heap after
Heap after GC invocations=11 (full 1):
 PSYoungGen      total 48640K, used 5306K [0x00000000e0000000, 0x00000000e3580000, 0x0000000100000000)
  eden space 42496K, 0% used [0x00000000e0000000,0x00000000e0000000,0x00000000e2980000)
  from space 6144K, 86% used [0x00000000e2f80000,0x00000000e34ae850,0x00000000e3580000)
  to   space 6144K, 0% used [0x00000000e2980000,0x00000000e2980000,0x00000000e2f80000)
 ParOldGen       total 33792K, used 7040K [0x00000000a0000000, 0x00000000a2100000, 0x00000000e0000000)
  object space 33792K, 20% used [0x00000000a0000000,0x00000000a06e0088,0x00000000a2100000)
 Metaspace       used 25732K, capacity 26286K, committed 26496K, reserved 1073152K
  class space    used 3504K, capacity 3702K, committed 3712K, reserved 1048576K
}
Event: 14.777 GC heap before
{Heap before GC invocations=12 (full 1):
 PSYoungGen      total 48640K, used 47802K [0x00000000e0000000, 0x00000000e3580000, 0x0000000100000000)
  eden space 42496K, 100% used [0x00000000e0000000,0x00000000e2980000,0x00000000e2980000)
  from space 6144K, 86% used [0x00000000e2f80000,0x00000000e34ae850,0x00000000e3580000)
  to   space 6144K, 0% used [0x00000000e2980000,0x00000000e2980000,0x00000000e2f80000)
 ParOldGen       total 33792K, used 7040K [0x00000000a0000000, 0x00000000a2100000, 0x00000000e0000000)
  object space 33792K, 20% used [0x00000000a0000000,0x00000000a06e0088,0x00000000a2100000)
 Metaspace       used 29921K, capacity 30520K, committed 30720K, reserved 1075200K
  class space    used 4123K, capacity 4323K, committed 4352K, reserved 1048576K
Event: 14.812 GC heap after
Heap after GC invocations=12 (full 1):
 PSYoungGen      total 48640K, used 4022K [0x00000000e0000000, 0x00000000e4300000, 0x0000000100000000)
  eden space 42496K, 0% used [0x00000000e0000000,0x00000000e0000000,0x00000000e2980000)
  from space 6144K, 65% used [0x00000000e2980000,0x00000000e2d6da68,0x00000000e2f80000)
  to   space 6144K, 0% used [0x00000000e3d00000,0x00000000e3d00000,0x00000000e4300000)
 ParOldGen       total 33792K, used 10752K [0x00000000a0000000, 0x00000000a2100000, 0x00000000e0000000)
  object space 33792K, 31% used [0x00000000a0000000,0x00000000a0a803e8,0x00000000a2100000)
 Metaspace       used 29921K, capacity 30520K, committed 30720K, reserved 1075200K
  class space    used 4123K, capacity 4323K, committed 4352K, reserved 1048576K
}
Event: 16.734 GC heap before
{Heap before GC invocations=13 (full 1):
 PSYoungGen      total 48640K, used 46518K [0x00000000e0000000, 0x00000000e4300000, 0x0000000100000000)
  eden space 42496K, 100% used [0x00000000e0000000,0x00000000e2980000,0x00000000e2980000)
  from space 6144K, 65% used [0x00000000e2980000,0x00000000e2d6da68,0x00000000e2f80000)
  to   space 6144K, 0% used [0x00000000e3d00000,0x00000000e3d00000,0x00000000e4300000)
 ParOldGen       total 33792K, used 10752K [0x00000000a0000000, 0x00000000a2100000, 0x00000000e0000000)
  object space 33792K, 31% used [0x00000000a0000000,0x00000000a0a803e8,0x00000000a2100000)
 Metaspace       used 30398K, capacity 31000K, committed 31360K, reserved 1077248K
  class space    used 4136K, capacity 4355K, committed 4480K, reserved 1048576K
Event: 16.741 GC heap after
Heap after GC invocations=13 (full 1):
 PSYoungGen      total 60416K, used 1152K [0x00000000e0000000, 0x00000000e4280000, 0x0000000100000000)
  eden space 54784K, 0% used [0x00000000e0000000,0x00000000e0000000,0x00000000e3580000)
  from space 5632K, 20% used [0x00000000e3d00000,0x00000000e3e20000,0x00000000e4280000)
  to   space 6656K, 0% used [0x00000000e3580000,0x00000000e3580000,0x00000000e3c00000)
 ParOldGen       total 33792K, used 11908K [0x00000000a0000000, 0x00000000a2100000, 0x00000000e0000000)
  object space 33792K, 35% used [0x00000000a0000000,0x00000000a0ba12b8,0x00000000a2100000)
 Metaspace       used 30398K, capacity 31000K, committed 31360K, reserved 1077248K
  class space    used 4136K, capacity 4355K, committed 4480K, reserved 1048576K
}

