# JRE version: OpenJDK Runtime Environment (8.0_152-b01) (build 1.8.0_152-release-915-b01)
# Java VM: OpenJDK 64-Bit Server VM (25.152-b01 mixed mode windows-amd64 compressed oops)
Heap:
 PSYoungGen      total 188928K, used 56481K [0x00000000e0000000, 0x00000000eef80000, 0x0000000100000000)
  eden space 162304K, 18% used [0x00000000e0000000,0x00000000e1d707c8,0x00000000e9e80000)
  from space 26624K, 98% used [0x00000000e9e80000,0x00000000eb837c80,0x00000000eb880000)
  to   space 30720K, 0% used [0x00000000ed180000,0x00000000ed180000,0x00000000eef80000)
 ParOldGen       total 99840K, used 38778K [0x00000000a0000000, 0x00000000a6180000, 0x00000000e0000000)
  object space 99840K, 38% used [0x00000000a0000000,0x00000000a25de808,0x00000000a6180000)
 Metaspace       used 70460K, capacity 73772K, committed 74072K, reserved 1114112K
  class space    used 9242K, capacity 10056K, committed 10112K, reserved 1048576K
GC Heap History (10 events):
Event: 18.994 GC heap before
{Heap before GC invocations=14 (full 2):
 PSYoungGen      total 136704K, used 127203K [0x00000000e0000000, 0x00000000ead00000, 0x0000000100000000)
  eden space 124416K, 92% used [0x00000000e0000000,0x00000000e703fd60,0x00000000e7980000)
  from space 12288K, 99% used [0x00000000e7980000,0x00000000e8579030,0x00000000e8580000)
  to   space 15872K, 0% used [0x00000000e9d80000,0x00000000e9d80000,0x00000000ead00000)
 ParOldGen       total 58368K, used 20488K [0x00000000a0000000, 0x00000000a3900000, 0x00000000e0000000)
  object space 58368K, 35% used [0x00000000a0000000,0x00000000a1402388,0x00000000a3900000)
 Metaspace       used 57097K, capacity 58890K, committed 59028K, reserved 1099776K
  class space    used 7712K, capacity 8192K, committed 8192K, reserved 1048576K
Event: 19.062 GC heap after
Heap after GC invocations=14 (full 2):
 PSYoungGen      total 155136K, used 15852K [0x00000000e0000000, 0x00000000ec580000, 0x0000000100000000)
  eden space 139264K, 0% used [0x00000000e0000000,0x00000000e0000000,0x00000000e8800000)
  from space 15872K, 99% used [0x00000000e9d80000,0x00000000eacfb308,0x00000000ead00000)
  to   space 22016K, 0% used [0x00000000e8800000,0x00000000e8800000,0x00000000e9d80000)
 ParOldGen       total 58368K, used 30680K [0x00000000a0000000, 0x00000000a3900000, 0x00000000e0000000)
  object space 58368K, 52% used [0x00000000a0000000,0x00000000a1df6330,0x00000000a3900000)
 Metaspace       used 57097K, capacity 58890K, committed 59028K, reserved 1099776K
  class space    used 7712K, capacity 8192K, committed 8192K, reserved 1048576K
}
Event: 19.062 GC heap before
{Heap before GC invocations=15 (full 3):
 PSYoungGen      total 155136K, used 15852K [0x00000000e0000000, 0x00000000ec580000, 0x0000000100000000)
  eden space 139264K, 0% used [0x00000000e0000000,0x00000000e0000000,0x00000000e8800000)
  from space 15872K, 99% used [0x00000000e9d80000,0x00000000eacfb308,0x00000000ead00000)
  to   space 22016K, 0% used [0x00000000e8800000,0x00000000e8800000,0x00000000e9d80000)
 ParOldGen       total 58368K, used 30680K [0x00000000a0000000, 0x00000000a3900000, 0x00000000e0000000)
  object space 58368K, 52% used [0x00000000a0000000,0x00000000a1df6330,0x00000000a3900000)
 Metaspace       used 57097K, capacity 58890K, committed 59028K, reserved 1099776K
  class space    used 7712K, capacity 8192K, committed 8192K, reserved 1048576K
Event: 19.459 GC heap after
Heap after GC invocations=15 (full 3):
 PSYoungGen      total 155136K, used 0K [0x00000000e0000000, 0x00000000ec580000, 0x0000000100000000)
  eden space 139264K, 0% used [0x00000000e0000000,0x00000000e0000000,0x00000000e8800000)
  from space 15872K, 0% used [0x00000000e9d80000,0x00000000e9d80000,0x00000000ead00000)
  to   space 22016K, 0% used [0x00000000e8800000,0x00000000e8800000,0x00000000e9d80000)
 ParOldGen       total 99840K, used 38754K [0x00000000a0000000, 0x00000000a6180000, 0x00000000e0000000)
  object space 99840K, 38% used [0x00000000a0000000,0x00000000a25d8808,0x00000000a6180000)
 Metaspace       used 57097K, capacity 58890K, committed 59028K, reserved 1099776K
  class space    used 7712K, capacity 8192K, committed 8192K, reserved 1048576K
}
Event: 23.160 GC heap before
{Heap before GC invocations=16 (full 3):
 PSYoungGen      total 155136K, used 139264K [0x00000000e0000000, 0x00000000ec580000, 0x0000000100000000)
  eden space 139264K, 100% used [0x00000000e0000000,0x00000000e8800000,0x00000000e8800000)
  from space 15872K, 0% used [0x00000000e9d80000,0x00000000e9d80000,0x00000000ead00000)
  to   space 22016K, 0% used [0x00000000e8800000,0x00000000e8800000,0x00000000e9d80000)
 ParOldGen       total 99840K, used 38754K [0x00000000a0000000, 0x00000000a6180000, 0x00000000e0000000)
  object space 99840K, 38% used [0x00000000a0000000,0x00000000a25d8808,0x00000000a6180000)
 Metaspace       used 60975K, capacity 63380K, committed 63576K, reserved 1103872K
  class space    used 8173K, capacity 8806K, committed 8832K, reserved 1048576K
Event: 23.183 GC heap after
Heap after GC invocations=16 (full 3):
 PSYoungGen      total 161280K, used 15682K [0x00000000e0000000, 0x00000000ecf00000, 0x0000000100000000)
  eden space 139264K, 0% used [0x00000000e0000000,0x00000000e0000000,0x00000000e8800000)
  from space 22016K, 71% used [0x00000000e8800000,0x00000000e9750a88,0x00000000e9d80000)
  to   space 23040K, 0% used [0x00000000eb880000,0x00000000eb880000,0x00000000ecf00000)
 ParOldGen       total 99840K, used 38762K [0x00000000a0000000, 0x00000000a6180000, 0x00000000e0000000)
  object space 99840K, 38% used [0x00000000a0000000,0x00000000a25da808,0x00000000a6180000)
 Metaspace       used 60975K, capacity 63380K, committed 63576K, reserved 1103872K
  class space    used 8173K, capacity 8806K, committed 8832K, reserved 1048576K
}
Event: 33.258 GC heap before
{Heap before GC invocations=17 (full 3):
 PSYoungGen      total 161280K, used 154946K [0x00000000e0000000, 0x00000000ecf00000, 0x0000000100000000)
  eden space 139264K, 100% used [0x00000000e0000000,0x00000000e8800000,0x00000000e8800000)
  from space 22016K, 71% used [0x00000000e8800000,0x00000000e9750a88,0x00000000e9d80000)
  to   space 23040K, 0% used [0x00000000eb880000,0x00000000eb880000,0x00000000ecf00000)
 ParOldGen       total 99840K, used 38762K [0x00000000a0000000, 0x00000000a6180000, 0x00000000e0000000)
  object space 99840K, 38% used [0x00000000a0000000,0x00000000a25da808,0x00000000a6180000)
 Metaspace       used 64220K, capacity 67014K, committed 67288K, reserved 1107968K
  class space    used 8491K, capacity 9185K, committed 9216K, reserved 1048576K
Event: 33.289 GC heap after
Heap after GC invocations=17 (full 3):
 PSYoungGen      total 185344K, used 22997K [0x00000000e0000000, 0x00000000ed280000, 0x0000000100000000)
  eden space 162304K, 0% used [0x00000000e0000000,0x00000000e0000000,0x00000000e9e80000)
  from space 23040K, 99% used [0x00000000eb880000,0x00000000ecef56d0,0x00000000ecf00000)
  to   space 26624K, 0% used [0x00000000e9e80000,0x00000000e9e80000,0x00000000eb880000)
 ParOldGen       total 99840K, used 38770K [0x00000000a0000000, 0x00000000a6180000, 0x00000000e0000000)
  object space 99840K, 38% used [0x00000000a0000000,0x00000000a25dc808,0x00000000a6180000)
 Metaspace       used 64220K, capacity 67014K, committed 67288K, reserved 1107968K
  class space    used 8491K, capacity 9185K, committed 9216K, reserved 1048576K
}
Event: 2096.067 GC heap before
{Heap before GC invocations=18 (full 3):
 PSYoungGen      total 185344K, used 185301K [0x00000000e0000000, 0x00000000ed280000, 0x0000000100000000)
  eden space 162304K, 100% used [0x00000000e0000000,0x00000000e9e80000,0x00000000e9e80000)
  from space 23040K, 99% used [0x00000000eb880000,0x00000000ecef56d0,0x00000000ecf00000)
  to   space 26624K, 0% used [0x00000000e9e80000,0x00000000e9e80000,0x00000000eb880000)
 ParOldGen       total 99840K, used 38770K [0x00000000a0000000, 0x00000000a6180000, 0x00000000e0000000)
  object space 99840K, 38% used [0x00000000a0000000,0x00000000a25dc808,0x00000000a6180000)
 Metaspace       used 68723K, capacity 71958K, committed 72152K, reserved 1112064K
  class space    used 9054K, capacity 9887K, committed 9984K, reserved 1048576K
Event: 2096.442 GC heap after
Heap after GC invocations=18 (full 3):
 PSYoungGen      total 188928K, used 26335K [0x00000000e0000000, 0x00000000eef80000, 0x0000000100000000)
  eden space 162304K, 0% used [0x00000000e0000000,0x00000000e0000000,0x00000000e9e80000)
  from space 26624K, 98% used [0x00000000e9e80000,0x00000000eb837c80,0x00000000eb880000)
  to   space 30720K, 0% used [0x00000000ed180000,0x00000000ed180000,0x00000000eef80000)
 ParOldGen       total 99840K, used 38778K [0x00000000a0000000, 0x00000000a6180000, 0x00000000e0000000)
  object space 99840K, 38% used [0x00000000a0000000,0x00000000a25de808,0x00000000a6180000)
 Metaspace       used 68723K, capacity 71958K, committed 72152K, reserved 1112064K
  class space    used 9054K, capacity 9887K, committed 9984K, reserved 1048576K
}

