# JRE version: OpenJDK Runtime Environment (8.0_152-b01) (build 1.8.0_152-release-915-b01)
# Java VM: OpenJDK 64-Bit Server VM (25.152-b01 mixed mode windows-amd64 compressed oops)
Heap:
 PSYoungGen      total 101888K, used 9967K [0x00000000e0000000, 0x00000000e9080000, 0x0000000100000000)
  eden space 92160K, 1% used [0x00000000e0000000,0x00000000e016a970,0x00000000e5a00000)
  from space 9728K, 87% used [0x00000000e7d80000,0x00000000e85d1528,0x00000000e8700000)
  to   space 7680K, 0% used [0x00000000e8900000,0x00000000e8900000,0x00000000e9080000)
 ParOldGen       total 45568K, used 12023K [0x00000000a0000000, 0x00000000a2c80000, 0x00000000e0000000)
  object space 45568K, 26% used [0x00000000a0000000,0x00000000a0bbded0,0x00000000a2c80000)
 Metaspace       used 30493K, capacity 31064K, committed 31360K, reserved 1077248K
  class space    used 4152K, capacity 4355K, committed 4480K, reserved 1048576K
GC Heap History (10 events):
Event: 6.650 GC heap before
{Heap before GC invocations=4 (full 0):
 PSYoungGen      total 35328K, used 35312K [0x00000000e0000000, 0x00000000e4500000, 0x0000000100000000)
  eden space 32768K, 100% used [0x00000000e0000000,0x00000000e2000000,0x00000000e2000000)
  from space 2560K, 99% used [0x00000000e2000000,0x00000000e227c030,0x00000000e2280000)
  to   space 2560K, 0% used [0x00000000e4280000,0x00000000e4280000,0x00000000e4500000)
 ParOldGen       total 44032K, used 3875K [0x00000000a0000000, 0x00000000a2b00000, 0x00000000e0000000)
  object space 44032K, 8% used [0x00000000a0000000,0x00000000a03c8cf0,0x00000000a2b00000)
 Metaspace       used 15533K, capacity 15932K, committed 16256K, reserved 1062912K
  class space    used 2191K, capacity 2318K, committed 2432K, reserved 1048576K
Event: 6.670 GC heap after
Heap after GC invocations=4 (full 0):
 PSYoungGen      total 68096K, used 2528K [0x00000000e0000000, 0x00000000e4500000, 0x0000000100000000)
  eden space 65536K, 0% used [0x00000000e0000000,0x00000000e0000000,0x00000000e4000000)
  from space 2560K, 98% used [0x00000000e4280000,0x00000000e44f8020,0x00000000e4500000)
  to   space 2560K, 0% used [0x00000000e4000000,0x00000000e4000000,0x00000000e4280000)
 ParOldGen       total 44032K, used 8229K [0x00000000a0000000, 0x00000000a2b00000, 0x00000000e0000000)
  object space 44032K, 18% used [0x00000000a0000000,0x00000000a0809480,0x00000000a2b00000)
 Metaspace       used 15533K, capacity 15932K, committed 16256K, reserved 1062912K
  class space    used 2191K, capacity 2318K, committed 2432K, reserved 1048576K
}
Event: 8.693 GC heap before
{Heap before GC invocations=5 (full 0):
 PSYoungGen      total 68096K, used 31903K [0x00000000e0000000, 0x00000000e4500000, 0x0000000100000000)
  eden space 65536K, 44% used [0x00000000e0000000,0x00000000e1cafe48,0x00000000e4000000)
  from space 2560K, 98% used [0x00000000e4280000,0x00000000e44f8020,0x00000000e4500000)
  to   space 2560K, 0% used [0x00000000e4000000,0x00000000e4000000,0x00000000e4280000)
 ParOldGen       total 44032K, used 8229K [0x00000000a0000000, 0x00000000a2b00000, 0x00000000e0000000)
  object space 44032K, 18% used [0x00000000a0000000,0x00000000a0809480,0x00000000a2b00000)
 Metaspace       used 20674K, capacity 21142K, committed 21248K, reserved 1067008K
  class space    used 2858K, capacity 3042K, committed 3072K, reserved 1048576K
Event: 8.706 GC heap after
Heap after GC invocations=5 (full 0):
 PSYoungGen      total 68096K, used 2528K [0x00000000e0000000, 0x00000000e9200000, 0x0000000100000000)
  eden space 65536K, 0% used [0x00000000e0000000,0x00000000e0000000,0x00000000e4000000)
  from space 2560K, 98% used [0x00000000e4000000,0x00000000e4278030,0x00000000e4280000)
  to   space 9216K, 0% used [0x00000000e8900000,0x00000000e8900000,0x00000000e9200000)
 ParOldGen       total 44032K, used 12808K [0x00000000a0000000, 0x00000000a2b00000, 0x00000000e0000000)
  object space 44032K, 29% used [0x00000000a0000000,0x00000000a0c821a0,0x00000000a2b00000)
 Metaspace       used 20674K, capacity 21142K, committed 21248K, reserved 1067008K
  class space    used 2858K, capacity 3042K, committed 3072K, reserved 1048576K
}
Event: 8.706 GC heap before
{Heap before GC invocations=6 (full 1):
 PSYoungGen      total 68096K, used 2528K [0x00000000e0000000, 0x00000000e9200000, 0x0000000100000000)
  eden space 65536K, 0% used [0x00000000e0000000,0x00000000e0000000,0x00000000e4000000)
  from space 2560K, 98% used [0x00000000e4000000,0x00000000e4278030,0x00000000e4280000)
  to   space 9216K, 0% used [0x00000000e8900000,0x00000000e8900000,0x00000000e9200000)
 ParOldGen       total 44032K, used 12808K [0x00000000a0000000, 0x00000000a2b00000, 0x00000000e0000000)
  object space 44032K, 29% used [0x00000000a0000000,0x00000000a0c821a0,0x00000000a2b00000)
 Metaspace       used 20674K, capacity 21142K, committed 21248K, reserved 1067008K
  class space    used 2858K, capacity 3042K, committed 3072K, reserved 1048576K
Event: 8.862 GC heap after
Heap after GC invocations=6 (full 1):
 PSYoungGen      total 68096K, used 0K [0x00000000e0000000, 0x00000000e9200000, 0x0000000100000000)
  eden space 65536K, 0% used [0x00000000e0000000,0x00000000e0000000,0x00000000e4000000)
  from space 2560K, 0% used [0x00000000e4000000,0x00000000e4000000,0x00000000e4280000)
  to   space 9216K, 0% used [0x00000000e8900000,0x00000000e8900000,0x00000000e9200000)
 ParOldGen       total 45568K, used 11943K [0x00000000a0000000, 0x00000000a2c80000, 0x00000000e0000000)
  object space 45568K, 26% used [0x00000000a0000000,0x00000000a0ba9ec0,0x00000000a2c80000)
 Metaspace       used 20674K, capacity 21142K, committed 21248K, reserved 1067008K
  class space    used 2858K, capacity 3042K, committed 3072K, reserved 1048576K
}
Event: 11.107 GC heap before
{Heap before GC invocations=7 (full 1):
 PSYoungGen      total 68096K, used 65536K [0x00000000e0000000, 0x00000000e9200000, 0x0000000100000000)
  eden space 65536K, 100% used [0x00000000e0000000,0x00000000e4000000,0x00000000e4000000)
  from space 2560K, 0% used [0x00000000e4000000,0x00000000e4000000,0x00000000e4280000)
  to   space 9216K, 0% used [0x00000000e8900000,0x00000000e8900000,0x00000000e9200000)
 ParOldGen       total 45568K, used 11943K [0x00000000a0000000, 0x00000000a2c80000, 0x00000000e0000000)
  object space 45568K, 26% used [0x00000000a0000000,0x00000000a0ba9ec0,0x00000000a2c80000)
 Metaspace       used 25783K, capacity 26350K, committed 26496K, reserved 1073152K
  class space    used 3514K, capacity 3702K, committed 3712K, reserved 1048576K
Event: 11.140 GC heap after
Heap after GC invocations=7 (full 1):
 PSYoungGen      total 99840K, used 7271K [0x00000000e0000000, 0x00000000e9080000, 0x0000000100000000)
  eden space 92160K, 0% used [0x00000000e0000000,0x00000000e0000000,0x00000000e5a00000)
  from space 7680K, 94% used [0x00000000e8900000,0x00000000e9019e60,0x00000000e9080000)
  to   space 9728K, 0% used [0x00000000e7d80000,0x00000000e7d80000,0x00000000e8700000)
 ParOldGen       total 45568K, used 11951K [0x00000000a0000000, 0x00000000a2c80000, 0x00000000e0000000)
  object space 45568K, 26% used [0x00000000a0000000,0x00000000a0babec0,0x00000000a2c80000)
 Metaspace       used 25783K, capacity 26350K, committed 26496K, reserved 1073152K
  class space    used 3514K, capacity 3702K, committed 3712K, reserved 1048576K
}
Event: 14.118 GC heap before
{Heap before GC invocations=8 (full 1):
 PSYoungGen      total 99840K, used 99431K [0x00000000e0000000, 0x00000000e9080000, 0x0000000100000000)
  eden space 92160K, 100% used [0x00000000e0000000,0x00000000e5a00000,0x00000000e5a00000)
  from space 7680K, 94% used [0x00000000e8900000,0x00000000e9019e60,0x00000000e9080000)
  to   space 9728K, 0% used [0x00000000e7d80000,0x00000000e7d80000,0x00000000e8700000)
 ParOldGen       total 45568K, used 11951K [0x00000000a0000000, 0x00000000a2c80000, 0x00000000e0000000)
  object space 45568K, 26% used [0x00000000a0000000,0x00000000a0babec0,0x00000000a2c80000)
 Metaspace       used 30480K, capacity 31000K, committed 31360K, reserved 1077248K
  class space    used 4150K, capacity 4355K, committed 4480K, reserved 1048576K
Event: 14.157 GC heap after
Heap after GC invocations=8 (full 1):
 PSYoungGen      total 101888K, used 8517K [0x00000000e0000000, 0x00000000e9080000, 0x0000000100000000)
  eden space 92160K, 0% used [0x00000000e0000000,0x00000000e0000000,0x00000000e5a00000)
  from space 9728K, 87% used [0x00000000e7d80000,0x00000000e85d1528,0x00000000e8700000)
  to   space 7680K, 0% used [0x00000000e8900000,0x00000000e8900000,0x00000000e9080000)
 ParOldGen       total 45568K, used 12023K [0x00000000a0000000, 0x00000000a2c80000, 0x00000000e0000000)
  object space 45568K, 26% used [0x00000000a0000000,0x00000000a0bbded0,0x00000000a2c80000)
 Metaspace       used 30480K, capacity 31000K, committed 31360K, reserved 1077248K
  class space    used 4150K, capacity 4355K, committed 4480K, reserved 1048576K
}

