# JRE version: OpenJDK Runtime Environment (8.0_152-b01) (build 1.8.0_152-release-915-b01)
# Java VM: OpenJDK 64-Bit Server VM (25.152-b01 mixed mode windows-amd64 compressed oops)
Heap:
 PSYoungGen      total 167424K, used 42925K [0x00000000e0000000, 0x00000000eb580000, 0x0000000100000000)
  eden space 154112K, 21% used [0x00000000e0000000,0x00000000e1fc0dd8,0x00000000e9680000)
  from space 13312K, 78% used [0x00000000ea880000,0x00000000eb2aa900,0x00000000eb580000)
  to   space 15872K, 0% used [0x00000000e9680000,0x00000000e9680000,0x00000000ea600000)
 ParOldGen       total 109568K, used 47990K [0x00000000a0000000, 0x00000000a6b00000, 0x00000000e0000000)
  object space 109568K, 43% used [0x00000000a0000000,0x00000000a2edd830,0x00000000a6b00000)
 Metaspace       used 64107K, capacity 67334K, committed 67476K, reserved 1107968K
  class space    used 8536K, capacity 9333K, committed 9404K, reserved 1048576K
GC Heap History (10 events):
Event: 21.626 GC heap before
{Heap before GC invocations=17 (full 2):
 PSYoungGen      total 117760K, used 114071K [0x00000000e0000000, 0x00000000e8180000, 0x0000000100000000)
  eden space 105472K, 100% used [0x00000000e0000000,0x00000000e6700000,0x00000000e6700000)
  from space 12288K, 69% used [0x00000000e7380000,0x00000000e7be5e78,0x00000000e7f80000)
  to   space 12800K, 0% used [0x00000000e6700000,0x00000000e6700000,0x00000000e7380000)
 ParOldGen       total 57344K, used 27709K [0x00000000a0000000, 0x00000000a3800000, 0x00000000e0000000)
  object space 57344K, 48% used [0x00000000a0000000,0x00000000a1b0f558,0x00000000a3800000)
 Metaspace       used 54544K, capacity 56612K, committed 56664K, reserved 1097728K
  class space    used 7485K, capacity 8040K, committed 8064K, reserved 1048576K
Event: 21.682 GC heap after
Heap after GC invocations=17 (full 2):
 PSYoungGen      total 118272K, used 12800K [0x00000000e0000000, 0x00000000ea900000, 0x0000000100000000)
  eden space 105472K, 0% used [0x00000000e0000000,0x00000000e0000000,0x00000000e6700000)
  from space 12800K, 100% used [0x00000000e6700000,0x00000000e7380000,0x00000000e7380000)
  to   space 16384K, 0% used [0x00000000e9900000,0x00000000e9900000,0x00000000ea900000)
 ParOldGen       total 57344K, used 32518K [0x00000000a0000000, 0x00000000a3800000, 0x00000000e0000000)
  object space 57344K, 56% used [0x00000000a0000000,0x00000000a1fc1808,0x00000000a3800000)
 Metaspace       used 54544K, capacity 56612K, committed 56664K, reserved 1097728K
  class space    used 7485K, capacity 8040K, committed 8064K, reserved 1048576K
}
Event: 25.356 GC heap before
{Heap before GC invocations=18 (full 2):
 PSYoungGen      total 118272K, used 89366K [0x00000000e0000000, 0x00000000ea900000, 0x0000000100000000)
  eden space 105472K, 72% used [0x00000000e0000000,0x00000000e4ac5818,0x00000000e6700000)
  from space 12800K, 100% used [0x00000000e6700000,0x00000000e7380000,0x00000000e7380000)
  to   space 16384K, 0% used [0x00000000e9900000,0x00000000e9900000,0x00000000ea900000)
 ParOldGen       total 57344K, used 32518K [0x00000000a0000000, 0x00000000a3800000, 0x00000000e0000000)
  object space 57344K, 56% used [0x00000000a0000000,0x00000000a1fc1808,0x00000000a3800000)
 Metaspace       used 56636K, capacity 58986K, committed 59028K, reserved 1099776K
  class space    used 7737K, capacity 8375K, committed 8380K, reserved 1048576K
Event: 25.393 GC heap after
Heap after GC invocations=18 (full 2):
 PSYoungGen      total 150528K, used 7500K [0x00000000e0000000, 0x00000000ea500000, 0x0000000100000000)
  eden space 138240K, 0% used [0x00000000e0000000,0x00000000e0000000,0x00000000e8700000)
  from space 12288K, 61% used [0x00000000e9900000,0x00000000ea0533d0,0x00000000ea500000)
  to   space 15360K, 0% used [0x00000000e8700000,0x00000000e8700000,0x00000000e9600000)
 ParOldGen       total 57344K, used 45375K [0x00000000a0000000, 0x00000000a3800000, 0x00000000e0000000)
  object space 57344K, 79% used [0x00000000a0000000,0x00000000a2c4fcc0,0x00000000a3800000)
 Metaspace       used 56636K, capacity 58986K, committed 59028K, reserved 1099776K
  class space    used 7737K, capacity 8375K, committed 8380K, reserved 1048576K
}
Event: 25.393 GC heap before
{Heap before GC invocations=19 (full 3):
 PSYoungGen      total 150528K, used 7500K [0x00000000e0000000, 0x00000000ea500000, 0x0000000100000000)
  eden space 138240K, 0% used [0x00000000e0000000,0x00000000e0000000,0x00000000e8700000)
  from space 12288K, 61% used [0x00000000e9900000,0x00000000ea0533d0,0x00000000ea500000)
  to   space 15360K, 0% used [0x00000000e8700000,0x00000000e8700000,0x00000000e9600000)
 ParOldGen       total 57344K, used 45375K [0x00000000a0000000, 0x00000000a3800000, 0x00000000e0000000)
  object space 57344K, 79% used [0x00000000a0000000,0x00000000a2c4fcc0,0x00000000a3800000)
 Metaspace       used 56636K, capacity 58986K, committed 59028K, reserved 1099776K
  class space    used 7737K, capacity 8375K, committed 8380K, reserved 1048576K
Event: 25.979 GC heap after
Heap after GC invocations=19 (full 3):
 PSYoungGen      total 150528K, used 0K [0x00000000e0000000, 0x00000000ea500000, 0x0000000100000000)
  eden space 138240K, 0% used [0x00000000e0000000,0x00000000e0000000,0x00000000e8700000)
  from space 12288K, 0% used [0x00000000e9900000,0x00000000e9900000,0x00000000ea500000)
  to   space 15360K, 0% used [0x00000000e8700000,0x00000000e8700000,0x00000000e9600000)
 ParOldGen       total 109568K, used 47974K [0x00000000a0000000, 0x00000000a6b00000, 0x00000000e0000000)
  object space 109568K, 43% used [0x00000000a0000000,0x00000000a2ed9830,0x00000000a6b00000)
 Metaspace       used 56636K, capacity 58986K, committed 59028K, reserved 1099776K
  class space    used 7737K, capacity 8375K, committed 8380K, reserved 1048576K
}
Event: 37.847 GC heap before
{Heap before GC invocations=20 (full 3):
 PSYoungGen      total 150528K, used 138240K [0x00000000e0000000, 0x00000000ea500000, 0x0000000100000000)
  eden space 138240K, 100% used [0x00000000e0000000,0x00000000e8700000,0x00000000e8700000)
  from space 12288K, 0% used [0x00000000e9900000,0x00000000e9900000,0x00000000ea500000)
  to   space 15360K, 0% used [0x00000000e8700000,0x00000000e8700000,0x00000000e9600000)
 ParOldGen       total 109568K, used 47974K [0x00000000a0000000, 0x00000000a6b00000, 0x00000000e0000000)
  object space 109568K, 43% used [0x00000000a0000000,0x00000000a2ed9830,0x00000000a6b00000)
 Metaspace       used 61968K, capacity 64750K, committed 65044K, reserved 1105920K
  class space    used 8300K, capacity 8991K, committed 9020K, reserved 1048576K
Event: 37.866 GC heap after
Heap after GC invocations=20 (full 3):
 PSYoungGen      total 153600K, used 11136K [0x00000000e0000000, 0x00000000eb800000, 0x0000000100000000)
  eden space 138240K, 0% used [0x00000000e0000000,0x00000000e0000000,0x00000000e8700000)
  from space 15360K, 72% used [0x00000000e8700000,0x00000000e91e02f0,0x00000000e9600000)
  to   space 15872K, 0% used [0x00000000ea880000,0x00000000ea880000,0x00000000eb800000)
 ParOldGen       total 109568K, used 47982K [0x00000000a0000000, 0x00000000a6b00000, 0x00000000e0000000)
  object space 109568K, 43% used [0x00000000a0000000,0x00000000a2edb830,0x00000000a6b00000)
 Metaspace       used 61968K, capacity 64750K, committed 65044K, reserved 1105920K
  class space    used 8300K, capacity 8991K, committed 9020K, reserved 1048576K
}
Event: 60.510 GC heap before
{Heap before GC invocations=21 (full 3):
 PSYoungGen      total 153600K, used 149376K [0x00000000e0000000, 0x00000000eb800000, 0x0000000100000000)
  eden space 138240K, 100% used [0x00000000e0000000,0x00000000e8700000,0x00000000e8700000)
  from space 15360K, 72% used [0x00000000e8700000,0x00000000e91e02f0,0x00000000e9600000)
  to   space 15872K, 0% used [0x00000000ea880000,0x00000000ea880000,0x00000000eb800000)
 ParOldGen       total 109568K, used 47982K [0x00000000a0000000, 0x00000000a6b00000, 0x00000000e0000000)
  object space 109568K, 43% used [0x00000000a0000000,0x00000000a2edb830,0x00000000a6b00000)
 Metaspace       used 63963K, capacity 67190K, committed 67476K, reserved 1107968K
  class space    used 8522K, capacity 9293K, committed 9404K, reserved 1048576K
Event: 60.536 GC heap after
Heap after GC invocations=21 (full 3):
 PSYoungGen      total 167424K, used 10410K [0x00000000e0000000, 0x00000000eb580000, 0x0000000100000000)
  eden space 154112K, 0% used [0x00000000e0000000,0x00000000e0000000,0x00000000e9680000)
  from space 13312K, 78% used [0x00000000ea880000,0x00000000eb2aa900,0x00000000eb580000)
  to   space 15872K, 0% used [0x00000000e9680000,0x00000000e9680000,0x00000000ea600000)
 ParOldGen       total 109568K, used 47990K [0x00000000a0000000, 0x00000000a6b00000, 0x00000000e0000000)
  object space 109568K, 43% used [0x00000000a0000000,0x00000000a2edd830,0x00000000a6b00000)
 Metaspace       used 63963K, capacity 67190K, committed 67476K, reserved 1107968K
  class space    used 8522K, capacity 9293K, committed 9404K, reserved 1048576K
}

